# JRE version: Java(TM) SE Runtime Environment (21.0.8+12) (build 21.0.8+12-LTS-250)
# Java VM: Java HotSpot(TM) 64-Bit Server VM (21.0.8+12-LTS-250, mixed mode, sharing, tiered, compressed oops, compressed class ptrs, g1 gc, windows-amd64)
GC Precious Log:
 CardTable entry size: 512
 Card Set container configuration: InlinePtr #cards 4 size 8 Array Of Cards #cards 16 size 48 Howl #buckets 8 coarsen threshold 3686 Howl Bitmap #cards 512 size 80 coarsen threshold 460 Card regions per heap region 1 cards per card region 4096
 CPUs: 12 total, 12 available
 Memory: 31797M
 Large Page Support: Disabled
 NUMA Support: Disabled
 Compressed Oops: Enabled (Zero based)
 Heap Region Size: 2M
 Heap Min Capacity: 8M
 Heap Initial Capacity: 498M
 Heap Max Capacity: 3G
 Pre-touch: Disabled
 Parallel Workers: 10
 Concurrent Workers: 3
 Concurrent Refinement Workers: 10
 Periodic GC: Disabled
Heap:
 garbage-first heap   total 362496K, used 257809K [0x0000000740000000, 0x0000000800000000)
  region size 2048K, 87 young (178176K), 11 survivors (22528K)
 Metaspace       used 83093K, committed 85440K, reserved 1179648K
  class space    used 11453K, committed 12608K, reserved 1048576K
GC Heap History (20 events):
Event: 4.489 GC heap after
{Heap after GC invocations=10 (full 0):
 garbage-first heap   total 96256K, used 37243K [0x0000000740000000, 0x0000000800000000)
  region size 2048K, 3 young (6144K), 3 survivors (6144K)
 Metaspace       used 39107K, committed 40576K, reserved 1114112K
  class space    used 5494K, committed 6208K, reserved 1048576K
}
Event: 4.967 GC heap before
{Heap before GC invocations=10 (full 0):
 garbage-first heap   total 96256K, used 78203K [0x0000000740000000, 0x0000000800000000)
  region size 2048K, 24 young (49152K), 3 survivors (6144K)
 Metaspace       used 44536K, committed 46144K, reserved 1114112K
  class space    used 6249K, committed 7040K, reserved 1048576K
}
Event: 4.970 GC heap after
{Heap after GC invocations=11 (full 0):
 garbage-first heap   total 96256K, used 38533K [0x0000000740000000, 0x0000000800000000)
  region size 2048K, 2 young (4096K), 2 survivors (4096K)
 Metaspace       used 44536K, committed 46144K, reserved 1114112K
  class space    used 6249K, committed 7040K, reserved 1048576K
}
Event: 5.541 GC heap before
{Heap before GC invocations=11 (full 0):
 garbage-first heap   total 96256K, used 81541K [0x0000000740000000, 0x0000000800000000)
  region size 2048K, 23 young (47104K), 2 survivors (4096K)
 Metaspace       used 49199K, committed 50944K, reserved 1114112K
  class space    used 6979K, committed 7808K, reserved 1048576K
}
Event: 5.544 GC heap after
{Heap after GC invocations=12 (full 0):
 garbage-first heap   total 96256K, used 41108K [0x0000000740000000, 0x0000000800000000)
  region size 2048K, 3 young (6144K), 3 survivors (6144K)
 Metaspace       used 49199K, committed 50944K, reserved 1114112K
  class space    used 6979K, committed 7808K, reserved 1048576K
}
Event: 5.872 GC heap before
{Heap before GC invocations=12 (full 0):
 garbage-first heap   total 96256K, used 80020K [0x0000000740000000, 0x0000000800000000)
  region size 2048K, 23 young (47104K), 3 survivors (6144K)
 Metaspace       used 51625K, committed 53440K, reserved 1114112K
  class space    used 7309K, committed 8192K, reserved 1048576K
}
Event: 5.875 GC heap after
{Heap after GC invocations=13 (full 0):
 garbage-first heap   total 96256K, used 44780K [0x0000000740000000, 0x0000000800000000)
  region size 2048K, 3 young (6144K), 3 survivors (6144K)
 Metaspace       used 51625K, committed 53440K, reserved 1114112K
  class space    used 7309K, committed 8192K, reserved 1048576K
}
Event: 6.256 GC heap before
{Heap before GC invocations=13 (full 0):
 garbage-first heap   total 96256K, used 83692K [0x0000000740000000, 0x0000000800000000)
  region size 2048K, 22 young (45056K), 3 survivors (6144K)
 Metaspace       used 55481K, committed 57408K, reserved 1114112K
  class space    used 7896K, committed 8896K, reserved 1048576K
}
Event: 6.260 GC heap after
{Heap after GC invocations=14 (full 0):
 garbage-first heap   total 96256K, used 47189K [0x0000000740000000, 0x0000000800000000)
  region size 2048K, 1 young (2048K), 1 survivors (2048K)
 Metaspace       used 55481K, committed 57408K, reserved 1114112K
  class space    used 7896K, committed 8896K, reserved 1048576K
}
Event: 6.571 GC heap before
{Heap before GC invocations=14 (full 0):
 garbage-first heap   total 96256K, used 86101K [0x0000000740000000, 0x0000000800000000)
  region size 2048K, 20 young (40960K), 1 survivors (2048K)
 Metaspace       used 57551K, committed 59520K, reserved 1114112K
  class space    used 8230K, committed 9216K, reserved 1048576K
}
Event: 6.574 GC heap after
{Heap after GC invocations=15 (full 0):
 garbage-first heap   total 96256K, used 51184K [0x0000000740000000, 0x0000000800000000)
  region size 2048K, 3 young (6144K), 3 survivors (6144K)
 Metaspace       used 57551K, committed 59520K, reserved 1114112K
  class space    used 8230K, committed 9216K, reserved 1048576K
}
Event: 6.882 GC heap before
{Heap before GC invocations=16 (full 0):
 garbage-first heap   total 100352K, used 81904K [0x0000000740000000, 0x0000000800000000)
  region size 2048K, 18 young (36864K), 3 survivors (6144K)
 Metaspace       used 61857K, committed 63936K, reserved 1114112K
  class space    used 8729K, committed 9792K, reserved 1048576K
}
Event: 6.886 GC heap after
{Heap after GC invocations=17 (full 0):
 garbage-first heap   total 100352K, used 54854K [0x0000000740000000, 0x0000000800000000)
  region size 2048K, 2 young (4096K), 2 survivors (4096K)
 Metaspace       used 61857K, committed 63936K, reserved 1114112K
  class space    used 8729K, committed 9792K, reserved 1048576K
}
Event: 7.792 GC heap before
{Heap before GC invocations=17 (full 0):
 garbage-first heap   total 100352K, used 89670K [0x0000000740000000, 0x0000000800000000)
  region size 2048K, 19 young (38912K), 2 survivors (4096K)
 Metaspace       used 64922K, committed 67072K, reserved 1114112K
  class space    used 9112K, committed 10176K, reserved 1048576K
}
Event: 7.797 GC heap after
{Heap after GC invocations=18 (full 0):
 garbage-first heap   total 305152K, used 57047K [0x0000000740000000, 0x0000000800000000)
  region size 2048K, 2 young (4096K), 2 survivors (4096K)
 Metaspace       used 64922K, committed 67072K, reserved 1114112K
  class space    used 9112K, committed 10176K, reserved 1048576K
}
Event: 9.551 GC heap before
{Heap before GC invocations=18 (full 0):
 garbage-first heap   total 305152K, used 233175K [0x0000000740000000, 0x0000000800000000)
  region size 2048K, 89 young (182272K), 2 survivors (4096K)
 Metaspace       used 71368K, committed 73536K, reserved 1114112K
  class space    used 10038K, committed 11136K, reserved 1048576K
}
Event: 9.568 GC heap after
{Heap after GC invocations=19 (full 0):
 garbage-first heap   total 305152K, used 80312K [0x0000000740000000, 0x0000000800000000)
  region size 2048K, 12 young (24576K), 12 survivors (24576K)
 Metaspace       used 71368K, committed 73536K, reserved 1114112K
  class space    used 10038K, committed 11136K, reserved 1048576K
}
Event: 11.621 GC heap before
{Heap before GC invocations=19 (full 0):
 garbage-first heap   total 305152K, used 262584K [0x0000000740000000, 0x0000000800000000)
  region size 2048K, 89 young (182272K), 12 survivors (24576K)
 Metaspace       used 82029K, committed 84352K, reserved 1179648K
  class space    used 11337K, committed 12480K, reserved 1048576K
}
Event: 11.630 GC heap after
{Heap after GC invocations=20 (full 0):
 garbage-first heap   total 305152K, used 102161K [0x0000000740000000, 0x0000000800000000)
  region size 2048K, 5 young (10240K), 5 survivors (10240K)
 Metaspace       used 82029K, committed 84352K, reserved 1179648K
  class space    used 11337K, committed 12480K, reserved 1048576K
}
Event: 11.918 GC heap before
{Heap before GC invocations=20 (full 0):
 garbage-first heap   total 305152K, used 255761K [0x0000000740000000, 0x0000000800000000)
  region size 2048K, 81 young (165888K), 5 survivors (10240K)
 Metaspace       used 83093K, committed 85440K, reserved 1179648K
  class space    used 11453K, committed 12608K, reserved 1048576K
}

